<?xml version="1.0" encoding="UTF-8"?>
<testsuite xmlns:xsi="http://www.w3.org/2001/XMLSchema-instance" xsi:noNamespaceSchemaLocation="https://maven.apache.org/surefire/maven-surefire-plugin/xsd/surefire-test-report.xsd" name="ru.netology.radiost.RadiostationTest" time="0.07" tests="22" errors="0" skipped="0" failures="0">
  <properties>
    <property name="sun.desktop" value="windows"/>
    <property name="awt.toolkit" value="sun.awt.windows.WToolkit"/>
    <property name="java.specification.version" value="11"/>
    <property name="sun.cpu.isalist" value="amd64"/>
    <property name="sun.jnu.encoding" value="Cp1251"/>
    <property name="java.class.path" value="C:\radiost\target\test-classes;C:\radiost\target\classes;C:\Users\Сергей\.m2\repository\org\junit\jupiter\junit-jupiter\5.7.0\junit-jupiter-5.7.0.jar;C:\Users\Сергей\.m2\repository\org\junit\jupiter\junit-jupiter-api\5.7.0\junit-jupiter-api-5.7.0.jar;C:\Users\Сергей\.m2\repository\org\apiguardian\apiguardian-api\1.1.0\apiguardian-api-1.1.0.jar;C:\Users\Сергей\.m2\repository\org\opentest4j\opentest4j\1.2.0\opentest4j-1.2.0.jar;C:\Users\Сергей\.m2\repository\org\junit\platform\junit-platform-commons\1.7.0\junit-platform-commons-1.7.0.jar;C:\Users\Сергей\.m2\repository\org\junit\jupiter\junit-jupiter-params\5.7.0\junit-jupiter-params-5.7.0.jar;C:\Users\Сергей\.m2\repository\org\junit\jupiter\junit-jupiter-engine\5.7.0\junit-jupiter-engine-5.7.0.jar;C:\Users\Сергей\.m2\repository\org\junit\platform\junit-platform-engine\1.7.0\junit-platform-engine-1.7.0.jar;"/>
    <property name="java.vm.vendor" value="Eclipse Adoptium"/>
    <property name="sun.arch.data.model" value="64"/>
    <property name="user.variant" value=""/>
    <property name="java.vendor.url" value="https://adoptium.net/"/>
    <property name="user.timezone" value="Europe/Moscow"/>
    <property name="java.vm.specification.version" value="11"/>
    <property name="os.name" value="Windows 10"/>
    <property name="sun.java.launcher" value="SUN_STANDARD"/>
    <property name="user.country" value="RU"/>
    <property name="sun.boot.library.path" value="C:\Program Files\Eclipse Adoptium\jdk-11.0.15.10-hotspot\bin"/>
    <property name="sun.java.command" value="C:\Users\D899~1\AppData\Local\Temp\surefire3858866309643777971\surefirebooter3561082928175551250.jar C:\Users\Сергей\AppData\Local\Temp\surefire3858866309643777971 2022-08-17T12-19-39_919-jvmRun1 surefire6898807321045791419tmp surefire_010946059171263523768tmp"/>
    <property name="jdk.debug" value="release"/>
    <property name="surefire.test.class.path" value="C:\radiost\target\test-classes;C:\radiost\target\classes;C:\Users\Сергей\.m2\repository\org\junit\jupiter\junit-jupiter\5.7.0\junit-jupiter-5.7.0.jar;C:\Users\Сергей\.m2\repository\org\junit\jupiter\junit-jupiter-api\5.7.0\junit-jupiter-api-5.7.0.jar;C:\Users\Сергей\.m2\repository\org\apiguardian\apiguardian-api\1.1.0\apiguardian-api-1.1.0.jar;C:\Users\Сергей\.m2\repository\org\opentest4j\opentest4j\1.2.0\opentest4j-1.2.0.jar;C:\Users\Сергей\.m2\repository\org\junit\platform\junit-platform-commons\1.7.0\junit-platform-commons-1.7.0.jar;C:\Users\Сергей\.m2\repository\org\junit\jupiter\junit-jupiter-params\5.7.0\junit-jupiter-params-5.7.0.jar;C:\Users\Сергей\.m2\repository\org\junit\jupiter\junit-jupiter-engine\5.7.0\junit-jupiter-engine-5.7.0.jar;C:\Users\Сергей\.m2\repository\org\junit\platform\junit-platform-engine\1.7.0\junit-platform-engine-1.7.0.jar;"/>
    <property name="sun.cpu.endian" value="little"/>
    <property name="user.home" value="C:\Users\Сергей"/>
    <property name="user.language" value="ru"/>
    <property name="java.specification.vendor" value="Oracle Corporation"/>
    <property name="java.version.date" value="2022-04-19"/>
    <property name="java.home" value="C:\Program Files\Eclipse Adoptium\jdk-11.0.15.10-hotspot"/>
    <property name="file.separator" value="\"/>
    <property name="basedir" value="C:\radiost"/>
    <property name="java.vm.compressedOopsMode" value="32-bit"/>
    <property name="line.separator" value="&#10;"/>
    <property name="java.specification.name" value="Java Platform API Specification"/>
    <property name="java.vm.specification.vendor" value="Oracle Corporation"/>
    <property name="java.awt.graphicsenv" value="sun.awt.Win32GraphicsEnvironment"/>
    <property name="surefire.real.class.path" value="C:\Users\D899~1\AppData\Local\Temp\surefire3858866309643777971\surefirebooter3561082928175551250.jar"/>
    <property name="user.script" value=""/>
    <property name="sun.management.compiler" value="HotSpot 64-Bit Tiered Compilers"/>
    <property name="java.runtime.version" value="11.0.15+10"/>
    <property name="user.name" value="Сергей"/>
    <property name="path.separator" value=";"/>
    <property name="os.version" value="10.0"/>
    <property name="java.runtime.name" value="OpenJDK Runtime Environment"/>
    <property name="file.encoding" value="Cp1251"/>
    <property name="java.vm.name" value="OpenJDK 64-Bit Server VM"/>
    <property name="java.vendor.version" value="Temurin-11.0.15+10"/>
    <property name="localRepository" value="C:\Users\Сергей\.m2\repository"/>
    <property name="java.vendor.url.bug" value="https://github.com/adoptium/adoptium-support/issues"/>
    <property name="java.io.tmpdir" value="C:\Users\D899~1\AppData\Local\Temp\"/>
    <property name="idea.version" value="2022.1.3"/>
    <property name="java.version" value="11.0.15"/>
    <property name="user.dir" value="C:\radiost"/>
    <property name="os.arch" value="amd64"/>
    <property name="java.vm.specification.name" value="Java Virtual Machine Specification"/>
    <property name="java.awt.printerjob" value="sun.awt.windows.WPrinterJob"/>
    <property name="sun.os.patch.level" value=""/>
    <property name="java.library.path" value="C:\Program Files\Eclipse Adoptium\jdk-11.0.15.10-hotspot\bin;C:\Windows\Sun\Java\bin;C:\Windows\system32;C:\Windows;C:\Program Files\Eclipse Adoptium\jdk-11.0.15.10-hotspot\bin;C:\Windows\system32;C:\Windows;C:\Windows\System32\Wbem;C:\Windows\System32\WindowsPowerShell\v1.0\;C:\Windows\System32\OpenSSH\;C:\Program Files\nodejs\;C:\Program Files\Git\cmd;C:\Program Files\MySQL\MySQL Shell 8.0\bin\;C:\Users\Сергей\AppData\Local\Microsoft\WindowsApps;C:\Users\Сергей\AppData\Local\Programs\Microsoft VS Code\bin;C:\Users\Сергей\AppData\Roaming\npm;C:\Users\Сергей\AppData\Local\GitHubDesktop\bin;C:\Program Files\JetBrains\IntelliJ IDEA Community Edition 2022.1.3\bin;;."/>
    <property name="java.vm.info" value="mixed mode"/>
    <property name="java.vendor" value="Eclipse Adoptium"/>
    <property name="java.vm.version" value="11.0.15+10"/>
    <property name="sun.io.unicode.encoding" value="UnicodeLittle"/>
    <property name="java.class.version" value="55.0"/>
  </properties>
  <testcase name="volumeMax" classname="ru.netology.radiost.RadiostationTest" time="0.039"/>
  <testcase name="stationOfLowerBorder" classname="ru.netology.radiost.RadiostationTest" time="0"/>
  <testcase name="buttonPrevFromZero" classname="ru.netology.radiost.RadiostationTest" time="0.006"/>
  <testcase name="ifCurrentStationLessThanZero" classname="ru.netology.radiost.RadiostationTest" time="0"/>
  <testcase name="volumeZero" classname="ru.netology.radiost.RadiostationTest" time="0"/>
  <testcase name="stationBelowMax" classname="ru.netology.radiost.RadiostationTest" time="0"/>
  <testcase name="volumeBelowMax" classname="ru.netology.radiost.RadiostationTest" time="0"/>
  <testcase name="ifCurrentVolumeLessThanZero" classname="ru.netology.radiost.RadiostationTest" time="0"/>
  <testcase name="volumeOnOne" classname="ru.netology.radiost.RadiostationTest" time="0"/>
  <testcase name="shouldSetStation" classname="ru.netology.radiost.RadiostationTest" time="0.008"/>
  <testcase name="stationOfMaxBorder" classname="ru.netology.radiost.RadiostationTest" time="0.003"/>
  <testcase name="stationFirst" classname="ru.netology.radiost.RadiostationTest" time="0"/>
  <testcase name="stationMax" classname="ru.netology.radiost.RadiostationTest" time="0"/>
  <testcase name="ifCurrentVolumeMoreThanTen" classname="ru.netology.radiost.RadiostationTest" time="0"/>
  <testcase name="buttonPrevVolumeFromLowerBorder" classname="ru.netology.radiost.RadiostationTest" time="0"/>
  <testcase name="volumeUpToMax" classname="ru.netology.radiost.RadiostationTest" time="0"/>
  <testcase name="buttonPrevVolumeFromUpperBorder" classname="ru.netology.radiost.RadiostationTest" time="0"/>
  <testcase name="stationZero" classname="ru.netology.radiost.RadiostationTest" time="0"/>
  <testcase name="buttonPrevStation" classname="ru.netology.radiost.RadiostationTest" time="0"/>
  <testcase name="ifCurrentStationMoreThanNine" classname="ru.netology.radiost.RadiostationTest" time="0"/>
  <testcase name="buttonPrevVolumeFromZero" classname="ru.netology.radiost.RadiostationTest" time="0"/>
  <testcase name="buttonPrevVolume" classname="ru.netology.radiost.RadiostationTest" time="0"/>
</testsuite>